<?xml version="1.0" encoding="UTF-8"?>
<!-- Generated by org.testng.reporters.JUnitReportReporter -->
<testsuite skipped="0" hostname="W7-IS-4RDRDH2" name="learning.Testng_learning" tests="1" failures="0" timestamp="28 Sep 2017 20:12:04 GMT" time="0.007" errors="0">
  <testcase name="learn1" time="0.007" classname="learning.Testng_learning"/>
</testsuite> <!-- learning.Testng_learning -->
